<?xml version="1.0" encoding="UTF-8" ?>
<testsuite tests="17" failures="0" name="runner.TestRunner" time="1.934" errors="0" skipped="0">
  <properties>
[...]
</properties>
  <testcase classname="Scenario: Subscribe Successfully" name="Given User is on homepage" time="0.024"/>
  <testcase classname="Scenario: Subscribe Successfully" name="And Magic Leap One Creation Edition is exist" time="0"/>
  <testcase classname="Scenario: Subscribe Successfully" name="When User navigates to Keep In Touch Segment" time="0"/>
  <testcase classname="Scenario: Subscribe Successfully" name="And User enters Email as &quot;cagatayince@hotmail.com&quot;" time="0"/>
  <testcase classname="Scenario: Subscribe Successfully" name="And User enters Name as &quot;Cagatay Ince&quot;" time="0"/>
  <testcase classname="Scenario: Subscribe Successfully" name="And User select the InterestedIn as &quot;I&apos;m a developer&quot;" time="0"/>
  <testcase classname="Scenario: Subscribe Successfully" name="And User Click Submit" time="0"/>
  <testcase classname="Scenario: Subscribe Successfully" name="Then User should see the success message" time="0"/>
  <testcase classname="Scenario: Subscribe Successfully" name="Scenario: Subscribe Successfully" time="1.009"/>
  <testcase classname="Scenario: Check the Subscription message is not wrong." name="Given User is on homepage" time="0"/>
  <testcase classname="Scenario: Check the Subscription message is not wrong." name="When User navigates to Keep In Touch Segment" time="0"/>
  <testcase classname="Scenario: Check the Subscription message is not wrong." name="And User enters Email as &quot;cagatayince@hotmail.com&quot;" time="0"/>
  <testcase classname="Scenario: Check the Subscription message is not wrong." name="And User enters Name as &quot;Cagatay Ince&quot;" time="0"/>
  <testcase classname="Scenario: Check the Subscription message is not wrong." name="And User select the InterestedIn as &quot;I&apos;m a developer&quot;" time="0"/>
  <testcase classname="Scenario: Check the Subscription message is not wrong." name="And User Click Submit" time="0"/>
  <testcase classname="Scenario: Check the Subscription message is not wrong." name="Then User should not see the wrong success message" time="0"/>
  <testcase classname="Scenario: Check the Subscription message is not wrong." name="Scenario: Check the Subscription message is not wrong." time="0.901"/>
</testsuite>